[ 07/16/2025 10:18:26.978 atom_getter DEBUG ] Atom _NET_WM_WINDOW_OPACITY is 334
[ 07/16/2025 10:18:26.978 atom_getter DEBUG ] Atom _NET_FRAME_EXTENTS is 283
[ 07/16/2025 10:18:26.978 atom_getter DEBUG ] Atom WM_STATE is 328
[ 07/16/2025 10:18:26.978 atom_getter DEBUG ] Atom _NET_WM_NAME is 315
[ 07/16/2025 10:18:26.978 atom_getter DEBUG ] Atom _NET_WM_PID is 335
[ 07/16/2025 10:18:26.978 atom_getter DEBUG ] Atom WM_NAME is 39
[ 07/16/2025 10:18:26.978 atom_getter DEBUG ] Atom WM_CLASS is 67
[ 07/16/2025 10:18:26.978 atom_getter DEBUG ] Atom WM_ICON_NAME is 37
[ 07/16/2025 10:18:26.978 atom_getter DEBUG ] Atom WM_TRANSIENT_FOR is 68
[ 07/16/2025 10:18:26.978 atom_getter DEBUG ] Atom WM_WINDOW_ROLE is 286
[ 07/16/2025 10:18:26.978 atom_getter DEBUG ] Atom WM_CLIENT_LEADER is 329
[ 07/16/2025 10:18:26.978 atom_getter DEBUG ] Atom WM_CLIENT_MACHINE is 36
[ 07/16/2025 10:18:26.978 atom_getter DEBUG ] Atom _NET_ACTIVE_WINDOW is 319
[ 07/16/2025 10:18:26.978 atom_getter DEBUG ] Atom _COMPTON_SHADOW is 336
[ 07/16/2025 10:18:26.978 atom_getter DEBUG ] Atom COMPTON_VERSION is 337
[ 07/16/2025 10:18:26.978 atom_getter DEBUG ] Atom _NET_WM_WINDOW_TYPE is 311
[ 07/16/2025 10:18:26.978 atom_getter DEBUG ] Atom _XROOTPMAP_ID is 338
[ 07/16/2025 10:18:26.978 atom_getter DEBUG ] Atom ESETROOT_PMAP_ID is 339
[ 07/16/2025 10:18:26.978 atom_getter DEBUG ] Atom _XSETROOT_ID is 340
[ 07/16/2025 10:18:26.978 atom_getter DEBUG ] Atom _NET_WM_WINDOW_TYPE_DESKTOP is 306
[ 07/16/2025 10:18:26.978 atom_getter DEBUG ] Atom _NET_WM_WINDOW_TYPE_DOCK is 299
[ 07/16/2025 10:18:26.978 atom_getter DEBUG ] Atom _NET_WM_WINDOW_TYPE_TOOLBAR is 312
[ 07/16/2025 10:18:26.978 atom_getter DEBUG ] Atom _NET_WM_WINDOW_TYPE_MENU is 274
[ 07/16/2025 10:18:26.978 atom_getter DEBUG ] Atom _NET_WM_WINDOW_TYPE_UTILITY is 326
[ 07/16/2025 10:18:26.978 atom_getter DEBUG ] Atom _NET_WM_WINDOW_TYPE_SPLASH is 277
[ 07/16/2025 10:18:26.979 atom_getter DEBUG ] Atom _NET_WM_WINDOW_TYPE_DIALOG is 280
[ 07/16/2025 10:18:26.979 atom_getter DEBUG ] Atom _NET_WM_WINDOW_TYPE_NORMAL is 282
[ 07/16/2025 10:18:26.979 atom_getter DEBUG ] Atom _NET_WM_WINDOW_TYPE_DROPDOWN_MENU is 271
[ 07/16/2025 10:18:26.979 atom_getter DEBUG ] Atom _NET_WM_WINDOW_TYPE_POPUP_MENU is 308
[ 07/16/2025 10:18:26.979 atom_getter DEBUG ] Atom _NET_WM_WINDOW_TYPE_TOOLTIP is 269
[ 07/16/2025 10:18:26.979 atom_getter DEBUG ] Atom _NET_WM_WINDOW_TYPE_NOTIFICATION is 307
[ 07/16/2025 10:18:26.979 atom_getter DEBUG ] Atom _NET_WM_WINDOW_TYPE_COMBO is 298
[ 07/16/2025 10:18:26.979 atom_getter DEBUG ] Atom _NET_WM_WINDOW_TYPE_DND is 305
[ 07/16/2025 10:18:26.979 atom_getter DEBUG ] Atom _NET_WM_STATE is 310
[ 07/16/2025 10:18:26.979 atom_getter DEBUG ] Atom _NET_WM_STATE_FULLSCREEN is 321
[ 07/16/2025 10:18:26.979 atom_getter DEBUG ] Atom _NET_WM_BYPASS_COMPOSITOR is 341
[ 07/16/2025 10:18:26.979 atom_getter DEBUG ] Atom UTF8_STRING is 300
[ 07/16/2025 10:18:26.979 atom_getter DEBUG ] Atom C_STRING is 342
[ 07/16/2025 10:18:26.983 atom_getter DEBUG ] Atom _NET_WM_CM_S0 is 290
[ 07/16/2025 10:18:26.984 file_watch_init DEBUG ] Starting watching for file changes
[ 07/16/2025 10:18:26.984 file_watch_add DEBUG ] Adding "/home/firman/.config/picom/picom-min.conf" to watched files
[ 07/16/2025 10:18:26.984 wm_import_start_inner DEBUG ] Starting import process for window 0x00000400
[ 07/16/2025 10:18:26.984 session_init FATAL ERROR ] Another composite manager is already running
[ 07/16/2025 10:18:26.984 main FATAL ERROR ] Failed to create new session.
